<?xml version="1.0" encoding="UTF-8"?>
<!-- Generated by org.testng.reporters.JUnitReportReporter -->
<testsuite hostname="LAPTOP-QUMG6PNP" failures="0" tests="2" name="mavenjava.navyaTest" time="0.008" errors="0" timestamp="2021-09-26T18:28:35 IST" skipped="0">
  <testcase classname="mavenjava.navyaTest" name="testmethod2" time="0.001"/>
  <system-out/>
  <testcase classname="mavenjava.navyaTest" name="testmethod1" time="0.007"/>
  <system-out/>
</testsuite> <!-- mavenjava.navyaTest -->
